2019-03-04 12:32:59 INFO  TestBase:134 - =========>Started verify login
2019-03-04 12:33:03 INFO  TestBase:213 - browser closed
2019-03-04 12:39:55 INFO  TestBase:134 - =========>Started verify login
2019-03-04 12:39:55 INFO  LoginPage:63 - Entered login id====>>helloo and object is[[ChromeDriver: chrome on XP (f248aa723e15aa3a8f3c269f322caf29)] -> xpath: //*[@id="username"]]
2019-03-04 12:39:55 INFO  LoginPage:63 - Entered password====>>ift and object is[[ChromeDriver: chrome on XP (f248aa723e15aa3a8f3c269f322caf29)] -> xpath: //*[@id="password"]]
2019-03-04 12:39:55 INFO  TestBase:134 - =========>Started verify login
2019-03-04 12:39:55 INFO  LoginPage:63 - Entered login id====>>fp-ifttest and object is[[ChromeDriver: chrome on XP (f248aa723e15aa3a8f3c269f322caf29)] -> xpath: //*[@id="username"]]
2019-03-04 12:39:56 INFO  LoginPage:63 - Entered password====>>hhh and object is[[ChromeDriver: chrome on XP (f248aa723e15aa3a8f3c269f322caf29)] -> xpath: //*[@id="password"]]
2019-03-04 12:39:56 INFO  TestBase:134 - =========>Started verify login
2019-03-04 12:39:56 INFO  LoginPage:63 - Entered login id====>>ffffg and object is[[ChromeDriver: chrome on XP (f248aa723e15aa3a8f3c269f322caf29)] -> xpath: //*[@id="username"]]
2019-03-04 12:39:56 INFO  LoginPage:63 - Entered password====>>fffff and object is[[ChromeDriver: chrome on XP (f248aa723e15aa3a8f3c269f322caf29)] -> xpath: //*[@id="password"]]
2019-03-04 12:39:57 INFO  TestBase:134 - =========>Started verify login
2019-03-04 12:39:57 INFO  LoginPage:63 - Entered login id====>>fp-ifttest and object is[[ChromeDriver: chrome on XP (f248aa723e15aa3a8f3c269f322caf29)] -> xpath: //*[@id="username"]]
2019-03-04 12:39:57 INFO  LoginPage:63 - Entered password====>>iftt and object is[[ChromeDriver: chrome on XP (f248aa723e15aa3a8f3c269f322caf29)] -> xpath: //*[@id="password"]]
2019-03-04 12:39:57 INFO  TestBase:134 - =========>Started verify login
2019-03-04 12:39:57 INFO  LoginPage:63 - Entered login id====>>- and object is[[ChromeDriver: chrome on XP (f248aa723e15aa3a8f3c269f322caf29)] -> xpath: //*[@id="username"]]
2019-03-04 12:39:57 INFO  LoginPage:63 - Entered password====>>ift and object is[[ChromeDriver: chrome on XP (f248aa723e15aa3a8f3c269f322caf29)] -> xpath: //*[@id="password"]]
2019-03-04 12:39:58 INFO  TestBase:134 - =========>Started verify login
2019-03-04 12:39:58 INFO  LoginPage:63 - Entered login id====>>__12345 and object is[[ChromeDriver: chrome on XP (f248aa723e15aa3a8f3c269f322caf29)] -> xpath: //*[@id="username"]]
2019-03-04 12:39:58 INFO  LoginPage:63 - Entered password====>>- and object is[[ChromeDriver: chrome on XP (f248aa723e15aa3a8f3c269f322caf29)] -> xpath: //*[@id="password"]]
2019-03-04 12:39:58 INFO  TestBase:134 - =========>Started verify login
2019-03-04 12:39:58 INFO  LoginPage:63 - Entered login id====>>- and object is[[ChromeDriver: chrome on XP (f248aa723e15aa3a8f3c269f322caf29)] -> xpath: //*[@id="username"]]
2019-03-04 12:39:58 INFO  LoginPage:63 - Entered password====>>- and object is[[ChromeDriver: chrome on XP (f248aa723e15aa3a8f3c269f322caf29)] -> xpath: //*[@id="password"]]
2019-03-04 12:39:59 INFO  TestBase:134 - =========>Started verify login
2019-03-04 12:39:59 INFO  LoginPage:63 - Entered login id====>>!#@@@ and object is[[ChromeDriver: chrome on XP (f248aa723e15aa3a8f3c269f322caf29)] -> xpath: //*[@id="username"]]
2019-03-04 12:39:59 INFO  LoginPage:63 - Entered password====>>ssss and object is[[ChromeDriver: chrome on XP (f248aa723e15aa3a8f3c269f322caf29)] -> xpath: //*[@id="password"]]
2019-03-04 12:39:59 INFO  TestBase:134 - =========>Started verify login
2019-03-04 12:40:00 INFO  LoginPage:63 - Entered login id====>>hhhhhhhhhhhhh and object is[[ChromeDriver: chrome on XP (f248aa723e15aa3a8f3c269f322caf29)] -> xpath: //*[@id="username"]]
2019-03-04 12:40:00 INFO  LoginPage:63 - Entered password====>>1.3123424234E10 and object is[[ChromeDriver: chrome on XP (f248aa723e15aa3a8f3c269f322caf29)] -> xpath: //*[@id="password"]]
2019-03-04 12:40:00 INFO  TestBase:134 - =========>Started verify login
2019-03-04 12:40:00 INFO  LoginPage:63 - Entered login id====>>12!@#ff and object is[[ChromeDriver: chrome on XP (f248aa723e15aa3a8f3c269f322caf29)] -> xpath: //*[@id="username"]]
2019-03-04 12:40:00 INFO  LoginPage:63 - Entered password====>>32243!@@!@ and object is[[ChromeDriver: chrome on XP (f248aa723e15aa3a8f3c269f322caf29)] -> xpath: //*[@id="password"]]
2019-03-04 12:40:01 INFO  TestBase:213 - browser closed
2019-03-04 12:42:39 INFO  TestBase:134 - =========>Started verify login
2019-03-04 12:42:39 INFO  LoginPage:63 - Entered login id====>>helloo and object is[[ChromeDriver: chrome on XP (9f640bfb5bbf2f4465942429c0bf21ac)] -> xpath: //*[@id="username"]]
2019-03-04 12:42:39 INFO  LoginPage:63 - Entered password====>>ift and object is[[ChromeDriver: chrome on XP (9f640bfb5bbf2f4465942429c0bf21ac)] -> xpath: //*[@id="password"]]
2019-03-04 12:43:02 INFO  LoginPage:63 - Clicked on submit button is[[ChromeDriver: chrome on XP (9f640bfb5bbf2f4465942429c0bf21ac)] -> xpath: /html/body/div[2]/form[1]/div[6]/button]
2019-03-04 12:43:03 INFO  TestBase:134 - =========>Finished verify login
2019-03-04 12:43:03 INFO  TestBase:134 - =========>Started verify login
2019-03-04 12:43:03 INFO  LoginPage:63 - Entered login id====>>fp-ifttest and object is[[ChromeDriver: chrome on XP (9f640bfb5bbf2f4465942429c0bf21ac)] -> xpath: //*[@id="username"]]
2019-03-04 12:43:03 INFO  LoginPage:63 - Entered password====>>hhh and object is[[ChromeDriver: chrome on XP (9f640bfb5bbf2f4465942429c0bf21ac)] -> xpath: //*[@id="password"]]
2019-03-04 12:43:26 INFO  LoginPage:63 - Clicked on submit button is[[ChromeDriver: chrome on XP (9f640bfb5bbf2f4465942429c0bf21ac)] -> xpath: /html/body/div[2]/form[1]/div[6]/button]
2019-03-04 12:43:26 INFO  TestBase:134 - =========>Finished verify login
2019-03-04 12:43:26 INFO  TestBase:134 - =========>Started verify login
2019-03-04 12:43:27 INFO  LoginPage:63 - Entered login id====>>ffffg and object is[[ChromeDriver: chrome on XP (9f640bfb5bbf2f4465942429c0bf21ac)] -> xpath: //*[@id="username"]]
2019-03-04 12:43:27 INFO  LoginPage:63 - Entered password====>>fffff and object is[[ChromeDriver: chrome on XP (9f640bfb5bbf2f4465942429c0bf21ac)] -> xpath: //*[@id="password"]]
2019-03-04 12:43:50 INFO  LoginPage:63 - Clicked on submit button is[[ChromeDriver: chrome on XP (9f640bfb5bbf2f4465942429c0bf21ac)] -> xpath: /html/body/div[2]/form[1]/div[6]/button]
2019-03-04 12:43:50 INFO  TestBase:134 - =========>Finished verify login
2019-03-04 12:43:50 INFO  TestBase:134 - =========>Started verify login
2019-03-04 12:43:50 INFO  LoginPage:63 - Entered login id====>>fp-ifttest and object is[[ChromeDriver: chrome on XP (9f640bfb5bbf2f4465942429c0bf21ac)] -> xpath: //*[@id="username"]]
2019-03-04 12:43:51 INFO  LoginPage:63 - Entered password====>>iftt and object is[[ChromeDriver: chrome on XP (9f640bfb5bbf2f4465942429c0bf21ac)] -> xpath: //*[@id="password"]]
2019-03-04 12:44:14 INFO  LoginPage:63 - Clicked on submit button is[[ChromeDriver: chrome on XP (9f640bfb5bbf2f4465942429c0bf21ac)] -> xpath: /html/body/div[2]/form[1]/div[6]/button]
2019-03-04 12:44:14 INFO  TestBase:134 - =========>Finished verify login
2019-03-04 12:44:14 INFO  TestBase:134 - =========>Started verify login
2019-03-04 12:44:14 INFO  LoginPage:63 - Entered login id====>>- and object is[[ChromeDriver: chrome on XP (9f640bfb5bbf2f4465942429c0bf21ac)] -> xpath: //*[@id="username"]]
2019-03-04 12:44:14 INFO  LoginPage:63 - Entered password====>>ift and object is[[ChromeDriver: chrome on XP (9f640bfb5bbf2f4465942429c0bf21ac)] -> xpath: //*[@id="password"]]
2019-03-04 12:44:38 INFO  LoginPage:63 - Clicked on submit button is[[ChromeDriver: chrome on XP (9f640bfb5bbf2f4465942429c0bf21ac)] -> xpath: /html/body/div[2]/form[1]/div[6]/button]
2019-03-04 12:44:38 INFO  TestBase:134 - =========>Finished verify login
2019-03-04 12:44:38 INFO  TestBase:134 - =========>Started verify login
2019-03-04 12:44:38 INFO  LoginPage:63 - Entered login id====>>__12345 and object is[[ChromeDriver: chrome on XP (9f640bfb5bbf2f4465942429c0bf21ac)] -> xpath: //*[@id="username"]]
2019-03-04 12:44:38 INFO  LoginPage:63 - Entered password====>>- and object is[[ChromeDriver: chrome on XP (9f640bfb5bbf2f4465942429c0bf21ac)] -> xpath: //*[@id="password"]]
2019-03-04 12:45:02 INFO  LoginPage:63 - Clicked on submit button is[[ChromeDriver: chrome on XP (9f640bfb5bbf2f4465942429c0bf21ac)] -> xpath: /html/body/div[2]/form[1]/div[6]/button]
2019-03-04 12:45:02 INFO  TestBase:134 - =========>Finished verify login
2019-03-04 12:45:02 INFO  TestBase:134 - =========>Started verify login
2019-03-04 12:45:02 INFO  LoginPage:63 - Entered login id====>>- and object is[[ChromeDriver: chrome on XP (9f640bfb5bbf2f4465942429c0bf21ac)] -> xpath: //*[@id="username"]]
2019-03-04 12:45:02 INFO  LoginPage:63 - Entered password====>>- and object is[[ChromeDriver: chrome on XP (9f640bfb5bbf2f4465942429c0bf21ac)] -> xpath: //*[@id="password"]]
2019-03-04 12:45:25 INFO  LoginPage:63 - Clicked on submit button is[[ChromeDriver: chrome on XP (9f640bfb5bbf2f4465942429c0bf21ac)] -> xpath: /html/body/div[2]/form[1]/div[6]/button]
2019-03-04 12:45:26 INFO  TestBase:134 - =========>Finished verify login
2019-03-04 12:45:26 INFO  TestBase:134 - =========>Started verify login
2019-03-04 12:45:26 INFO  LoginPage:63 - Entered login id====>>!#@@@ and object is[[ChromeDriver: chrome on XP (9f640bfb5bbf2f4465942429c0bf21ac)] -> xpath: //*[@id="username"]]
2019-03-04 12:45:26 INFO  LoginPage:63 - Entered password====>>ssss and object is[[ChromeDriver: chrome on XP (9f640bfb5bbf2f4465942429c0bf21ac)] -> xpath: //*[@id="password"]]
2019-03-04 12:45:49 INFO  LoginPage:63 - Clicked on submit button is[[ChromeDriver: chrome on XP (9f640bfb5bbf2f4465942429c0bf21ac)] -> xpath: /html/body/div[2]/form[1]/div[6]/button]
2019-03-04 12:45:50 INFO  TestBase:134 - =========>Finished verify login
2019-03-04 12:45:50 INFO  TestBase:134 - =========>Started verify login
2019-03-04 12:45:50 INFO  LoginPage:63 - Entered login id====>>hhhhhhhhhhhhh and object is[[ChromeDriver: chrome on XP (9f640bfb5bbf2f4465942429c0bf21ac)] -> xpath: //*[@id="username"]]
2019-03-04 12:45:50 INFO  LoginPage:63 - Entered password====>>1.3123424234E10 and object is[[ChromeDriver: chrome on XP (9f640bfb5bbf2f4465942429c0bf21ac)] -> xpath: //*[@id="password"]]
2019-03-04 12:46:13 INFO  LoginPage:63 - Clicked on submit button is[[ChromeDriver: chrome on XP (9f640bfb5bbf2f4465942429c0bf21ac)] -> xpath: /html/body/div[2]/form[1]/div[6]/button]
2019-03-04 12:46:13 INFO  TestBase:134 - =========>Finished verify login
2019-03-04 12:46:13 INFO  TestBase:134 - =========>Started verify login
2019-03-04 12:46:14 INFO  LoginPage:63 - Entered login id====>>12!@#ff and object is[[ChromeDriver: chrome on XP (9f640bfb5bbf2f4465942429c0bf21ac)] -> xpath: //*[@id="username"]]
2019-03-04 12:46:14 INFO  LoginPage:63 - Entered password====>>32243!@@!@ and object is[[ChromeDriver: chrome on XP (9f640bfb5bbf2f4465942429c0bf21ac)] -> xpath: //*[@id="password"]]
2019-03-04 12:46:37 INFO  LoginPage:63 - Clicked on submit button is[[ChromeDriver: chrome on XP (9f640bfb5bbf2f4465942429c0bf21ac)] -> xpath: /html/body/div[2]/form[1]/div[6]/button]
2019-03-04 12:46:37 INFO  TestBase:134 - =========>Finished verify login
2019-03-04 12:46:38 INFO  TestBase:213 - browser closed
2019-03-04 13:16:28 INFO  TestBase:134 - =========>Started verify login
2019-03-04 13:16:29 INFO  TestBase:213 - browser closed
2019-03-04 13:18:20 INFO  TestBase:134 - =========>Started verify login
2019-03-04 13:18:21 INFO  TestBase:213 - browser closed
2019-03-04 14:43:54 INFO  TestBase:134 - =========>Started verify login
2019-03-04 14:43:54 INFO  LoginPage:63 - Entered login id====>>helloo and object is[[ChromeDriver: chrome on XP (882ee69456c5bc52155aec81424661c9)] -> xpath: //*[@id="username"]]
2019-03-04 14:43:55 INFO  LoginPage:63 - Entered password====>>ift and object is[[ChromeDriver: chrome on XP (882ee69456c5bc52155aec81424661c9)] -> xpath: //*[@id="password"]]
2019-03-04 14:44:18 INFO  LoginPage:63 - Clicked on submit button is[[ChromeDriver: chrome on XP (882ee69456c5bc52155aec81424661c9)] -> xpath: /html/body/div[2]/form[1]/div[6]/button]
2019-03-04 14:44:18 INFO  TestBase:134 - =========>Finished verify login
2019-03-04 14:44:18 INFO  TestBase:134 - =========>Started verify login
2019-03-04 14:44:18 INFO  LoginPage:63 - Entered login id====>>fp-ifttest and object is[[ChromeDriver: chrome on XP (882ee69456c5bc52155aec81424661c9)] -> xpath: //*[@id="username"]]
2019-03-04 14:44:18 INFO  LoginPage:63 - Entered password====>>hhh and object is[[ChromeDriver: chrome on XP (882ee69456c5bc52155aec81424661c9)] -> xpath: //*[@id="password"]]
2019-03-04 14:44:42 INFO  LoginPage:63 - Clicked on submit button is[[ChromeDriver: chrome on XP (882ee69456c5bc52155aec81424661c9)] -> xpath: /html/body/div[2]/form[1]/div[6]/button]
2019-03-04 14:44:42 INFO  TestBase:134 - =========>Finished verify login
2019-03-04 14:44:42 INFO  TestBase:134 - =========>Started verify login
2019-03-04 14:44:42 INFO  LoginPage:63 - Entered login id====>>ffffg and object is[[ChromeDriver: chrome on XP (882ee69456c5bc52155aec81424661c9)] -> xpath: //*[@id="username"]]
2019-03-04 14:44:42 INFO  LoginPage:63 - Entered password====>>fffff and object is[[ChromeDriver: chrome on XP (882ee69456c5bc52155aec81424661c9)] -> xpath: //*[@id="password"]]
2019-03-04 14:45:05 INFO  LoginPage:63 - Clicked on submit button is[[ChromeDriver: chrome on XP (882ee69456c5bc52155aec81424661c9)] -> xpath: /html/body/div[2]/form[1]/div[6]/button]
2019-03-04 14:45:06 INFO  TestBase:134 - =========>Finished verify login
2019-03-04 14:45:06 INFO  TestBase:134 - =========>Started verify login
2019-03-04 14:45:06 INFO  LoginPage:63 - Entered login id====>>fp-ifttest and object is[[ChromeDriver: chrome on XP (882ee69456c5bc52155aec81424661c9)] -> xpath: //*[@id="username"]]
2019-03-04 14:45:06 INFO  LoginPage:63 - Entered password====>>iftt and object is[[ChromeDriver: chrome on XP (882ee69456c5bc52155aec81424661c9)] -> xpath: //*[@id="password"]]
2019-03-04 14:45:29 INFO  LoginPage:63 - Clicked on submit button is[[ChromeDriver: chrome on XP (882ee69456c5bc52155aec81424661c9)] -> xpath: /html/body/div[2]/form[1]/div[6]/button]
2019-03-04 14:45:29 INFO  TestBase:134 - =========>Finished verify login
2019-03-04 14:45:29 INFO  TestBase:134 - =========>Started verify login
2019-03-04 14:45:30 INFO  LoginPage:63 - Entered login id====>>- and object is[[ChromeDriver: chrome on XP (882ee69456c5bc52155aec81424661c9)] -> xpath: //*[@id="username"]]
2019-03-04 14:45:30 INFO  LoginPage:63 - Entered password====>>ift and object is[[ChromeDriver: chrome on XP (882ee69456c5bc52155aec81424661c9)] -> xpath: //*[@id="password"]]
2019-03-04 14:45:53 INFO  LoginPage:63 - Clicked on submit button is[[ChromeDriver: chrome on XP (882ee69456c5bc52155aec81424661c9)] -> xpath: /html/body/div[2]/form[1]/div[6]/button]
2019-03-04 14:45:53 INFO  TestBase:134 - =========>Finished verify login
2019-03-04 14:45:53 INFO  TestBase:134 - =========>Started verify login
2019-03-04 14:45:53 INFO  LoginPage:63 - Entered login id====>>__12345 and object is[[ChromeDriver: chrome on XP (882ee69456c5bc52155aec81424661c9)] -> xpath: //*[@id="username"]]
2019-03-04 14:45:53 INFO  LoginPage:63 - Entered password====>>- and object is[[ChromeDriver: chrome on XP (882ee69456c5bc52155aec81424661c9)] -> xpath: //*[@id="password"]]
2019-03-04 14:46:17 INFO  LoginPage:63 - Clicked on submit button is[[ChromeDriver: chrome on XP (882ee69456c5bc52155aec81424661c9)] -> xpath: /html/body/div[2]/form[1]/div[6]/button]
2019-03-04 14:46:17 INFO  TestBase:134 - =========>Finished verify login
2019-03-04 14:46:17 INFO  TestBase:134 - =========>Started verify login
2019-03-04 14:46:17 INFO  LoginPage:63 - Entered login id====>>- and object is[[ChromeDriver: chrome on XP (882ee69456c5bc52155aec81424661c9)] -> xpath: //*[@id="username"]]
2019-03-04 14:46:18 INFO  LoginPage:63 - Entered password====>>- and object is[[ChromeDriver: chrome on XP (882ee69456c5bc52155aec81424661c9)] -> xpath: //*[@id="password"]]
2019-03-04 14:46:41 INFO  LoginPage:63 - Clicked on submit button is[[ChromeDriver: chrome on XP (882ee69456c5bc52155aec81424661c9)] -> xpath: /html/body/div[2]/form[1]/div[6]/button]
2019-03-04 14:46:41 INFO  TestBase:134 - =========>Finished verify login
2019-03-04 14:46:41 INFO  TestBase:134 - =========>Started verify login
2019-03-04 14:46:41 INFO  LoginPage:63 - Entered login id====>>!#@@@ and object is[[ChromeDriver: chrome on XP (882ee69456c5bc52155aec81424661c9)] -> xpath: //*[@id="username"]]
2019-03-04 14:46:41 INFO  LoginPage:63 - Entered password====>>ssss and object is[[ChromeDriver: chrome on XP (882ee69456c5bc52155aec81424661c9)] -> xpath: //*[@id="password"]]
2019-03-04 14:47:04 INFO  LoginPage:63 - Clicked on submit button is[[ChromeDriver: chrome on XP (882ee69456c5bc52155aec81424661c9)] -> xpath: /html/body/div[2]/form[1]/div[6]/button]
2019-03-04 14:47:05 INFO  TestBase:134 - =========>Finished verify login
2019-03-04 14:47:05 INFO  TestBase:134 - =========>Started verify login
2019-03-04 14:47:05 INFO  LoginPage:63 - Entered login id====>>hhhhhhhhhhhhh and object is[[ChromeDriver: chrome on XP (882ee69456c5bc52155aec81424661c9)] -> xpath: //*[@id="username"]]
2019-03-04 14:47:05 INFO  LoginPage:63 - Entered password====>>1.3123424234E10 and object is[[ChromeDriver: chrome on XP (882ee69456c5bc52155aec81424661c9)] -> xpath: //*[@id="password"]]
2019-03-04 14:47:28 INFO  LoginPage:63 - Clicked on submit button is[[ChromeDriver: chrome on XP (882ee69456c5bc52155aec81424661c9)] -> xpath: /html/body/div[2]/form[1]/div[6]/button]
2019-03-04 14:47:29 INFO  TestBase:134 - =========>Finished verify login
2019-03-04 14:47:29 INFO  TestBase:134 - =========>Started verify login
2019-03-04 14:47:29 INFO  LoginPage:63 - Entered login id====>>12!@#ff and object is[[ChromeDriver: chrome on XP (882ee69456c5bc52155aec81424661c9)] -> xpath: //*[@id="username"]]
2019-03-04 14:47:29 INFO  LoginPage:63 - Entered password====>>32243!@@!@ and object is[[ChromeDriver: chrome on XP (882ee69456c5bc52155aec81424661c9)] -> xpath: //*[@id="password"]]
2019-03-04 14:47:52 INFO  LoginPage:63 - Clicked on submit button is[[ChromeDriver: chrome on XP (882ee69456c5bc52155aec81424661c9)] -> xpath: /html/body/div[2]/form[1]/div[6]/button]
2019-03-04 14:47:52 INFO  TestBase:134 - =========>Finished verify login
2019-03-04 14:47:53 INFO  TestBase:213 - browser closed
2019-03-04 14:52:18 INFO  TestBase:134 - =========>Started verify login
2019-03-04 14:52:19 INFO  TestBase:213 - browser closed
2019-03-04 14:58:25 INFO  TestBase:134 - =========>Started verify login
2019-03-04 14:58:26 INFO  LoginPage:63 - Entered login id====>>helloo and object is[[ChromeDriver: chrome on XP (24cd4c2ff017c40243ae41fcd31f8dd6)] -> xpath: //*[@id="username"]]
2019-03-04 14:58:26 INFO  LoginPage:63 - Entered password====>>ift and object is[[ChromeDriver: chrome on XP (24cd4c2ff017c40243ae41fcd31f8dd6)] -> xpath: //*[@id="password"]]
2019-03-04 14:59:28 INFO  TestBase:134 - =========>Started verify login
2019-03-04 14:59:29 INFO  LoginPage:63 - Entered login id====>>fp-ifttest and object is[[ChromeDriver: chrome on XP (24cd4c2ff017c40243ae41fcd31f8dd6)] -> xpath: //*[@id="username"]]
2019-03-04 14:59:29 INFO  LoginPage:63 - Entered password====>>hhh and object is[[ChromeDriver: chrome on XP (24cd4c2ff017c40243ae41fcd31f8dd6)] -> xpath: //*[@id="password"]]
2019-03-04 15:00:31 INFO  TestBase:134 - =========>Started verify login
2019-03-04 15:00:31 INFO  LoginPage:63 - Entered login id====>>ffffg and object is[[ChromeDriver: chrome on XP (24cd4c2ff017c40243ae41fcd31f8dd6)] -> xpath: //*[@id="username"]]
2019-03-04 15:00:31 INFO  LoginPage:63 - Entered password====>>fffff and object is[[ChromeDriver: chrome on XP (24cd4c2ff017c40243ae41fcd31f8dd6)] -> xpath: //*[@id="password"]]
2019-03-04 15:01:34 INFO  TestBase:134 - =========>Started verify login
2019-03-04 15:01:34 INFO  LoginPage:63 - Entered login id====>>fp-ifttest and object is[[ChromeDriver: chrome on XP (24cd4c2ff017c40243ae41fcd31f8dd6)] -> xpath: //*[@id="username"]]
2019-03-04 15:01:34 INFO  LoginPage:63 - Entered password====>>iftt and object is[[ChromeDriver: chrome on XP (24cd4c2ff017c40243ae41fcd31f8dd6)] -> xpath: //*[@id="password"]]
2019-03-04 15:02:36 INFO  TestBase:134 - =========>Started verify login
2019-03-04 15:02:37 INFO  LoginPage:63 - Entered login id====>>- and object is[[ChromeDriver: chrome on XP (24cd4c2ff017c40243ae41fcd31f8dd6)] -> xpath: //*[@id="username"]]
2019-03-04 15:02:37 INFO  LoginPage:63 - Entered password====>>ift and object is[[ChromeDriver: chrome on XP (24cd4c2ff017c40243ae41fcd31f8dd6)] -> xpath: //*[@id="password"]]
2019-03-04 15:03:39 INFO  TestBase:134 - =========>Started verify login
2019-03-04 15:03:39 INFO  LoginPage:63 - Entered login id====>>__12345 and object is[[ChromeDriver: chrome on XP (24cd4c2ff017c40243ae41fcd31f8dd6)] -> xpath: //*[@id="username"]]
2019-03-04 15:03:39 INFO  LoginPage:63 - Entered password====>>- and object is[[ChromeDriver: chrome on XP (24cd4c2ff017c40243ae41fcd31f8dd6)] -> xpath: //*[@id="password"]]
2019-03-04 15:04:42 INFO  TestBase:134 - =========>Started verify login
2019-03-04 15:04:42 INFO  LoginPage:63 - Entered login id====>>- and object is[[ChromeDriver: chrome on XP (24cd4c2ff017c40243ae41fcd31f8dd6)] -> xpath: //*[@id="username"]]
2019-03-04 15:04:42 INFO  LoginPage:63 - Entered password====>>- and object is[[ChromeDriver: chrome on XP (24cd4c2ff017c40243ae41fcd31f8dd6)] -> xpath: //*[@id="password"]]
2019-03-04 15:05:44 INFO  TestBase:134 - =========>Started verify login
2019-03-04 15:05:44 INFO  LoginPage:63 - Entered login id====>>!#@@@ and object is[[ChromeDriver: chrome on XP (24cd4c2ff017c40243ae41fcd31f8dd6)] -> xpath: //*[@id="username"]]
2019-03-04 15:05:45 INFO  LoginPage:63 - Entered password====>>ssss and object is[[ChromeDriver: chrome on XP (24cd4c2ff017c40243ae41fcd31f8dd6)] -> xpath: //*[@id="password"]]
2019-03-04 15:06:47 INFO  TestBase:134 - =========>Started verify login
2019-03-04 15:06:47 INFO  LoginPage:63 - Entered login id====>>hhhhhhhhhhhhh and object is[[ChromeDriver: chrome on XP (24cd4c2ff017c40243ae41fcd31f8dd6)] -> xpath: //*[@id="username"]]
2019-03-04 15:06:47 INFO  LoginPage:63 - Entered password====>>1.3123424234E10 and object is[[ChromeDriver: chrome on XP (24cd4c2ff017c40243ae41fcd31f8dd6)] -> xpath: //*[@id="password"]]
2019-03-04 15:07:50 INFO  TestBase:134 - =========>Started verify login
2019-03-04 15:07:50 INFO  LoginPage:63 - Entered login id====>>12!@#ff and object is[[ChromeDriver: chrome on XP (24cd4c2ff017c40243ae41fcd31f8dd6)] -> xpath: //*[@id="username"]]
2019-03-04 15:07:50 INFO  LoginPage:63 - Entered password====>>32243!@@!@ and object is[[ChromeDriver: chrome on XP (24cd4c2ff017c40243ae41fcd31f8dd6)] -> xpath: //*[@id="password"]]
2019-03-04 15:08:53 INFO  TestBase:213 - browser closed
2019-03-04 15:25:26 INFO  TestBase:134 - =========>Started verify login
2019-03-04 15:25:26 INFO  LoginPage:63 - Entered login id====>>helloo and object is[[ChromeDriver: chrome on XP (f0dbd70908736e5c457cc00f245bbf11)] -> xpath: //*[@id="username"]]
2019-03-04 15:25:26 INFO  LoginPage:63 - Entered password====>>ift and object is[[ChromeDriver: chrome on XP (f0dbd70908736e5c457cc00f245bbf11)] -> xpath: //*[@id="password"]]
2019-03-04 15:26:29 INFO  TestBase:134 - =========>Started verify login
2019-03-04 15:26:29 INFO  LoginPage:63 - Entered login id====>>fp-ifttest and object is[[ChromeDriver: chrome on XP (f0dbd70908736e5c457cc00f245bbf11)] -> xpath: //*[@id="username"]]
2019-03-04 15:26:29 INFO  LoginPage:63 - Entered password====>>hhh and object is[[ChromeDriver: chrome on XP (f0dbd70908736e5c457cc00f245bbf11)] -> xpath: //*[@id="password"]]
2019-03-04 15:27:32 INFO  TestBase:134 - =========>Started verify login
2019-03-04 15:27:32 INFO  LoginPage:63 - Entered login id====>>ffffg and object is[[ChromeDriver: chrome on XP (f0dbd70908736e5c457cc00f245bbf11)] -> xpath: //*[@id="username"]]
2019-03-04 15:27:32 INFO  LoginPage:63 - Entered password====>>fffff and object is[[ChromeDriver: chrome on XP (f0dbd70908736e5c457cc00f245bbf11)] -> xpath: //*[@id="password"]]
2019-03-04 15:28:34 INFO  TestBase:134 - =========>Started verify login
2019-03-04 15:28:35 INFO  LoginPage:63 - Entered login id====>>fp-ifttest and object is[[ChromeDriver: chrome on XP (f0dbd70908736e5c457cc00f245bbf11)] -> xpath: //*[@id="username"]]
2019-03-04 15:28:35 INFO  LoginPage:63 - Entered password====>>iftt and object is[[ChromeDriver: chrome on XP (f0dbd70908736e5c457cc00f245bbf11)] -> xpath: //*[@id="password"]]
2019-03-04 15:29:37 INFO  TestBase:134 - =========>Started verify login
2019-03-04 15:29:37 INFO  LoginPage:63 - Entered login id====>>- and object is[[ChromeDriver: chrome on XP (f0dbd70908736e5c457cc00f245bbf11)] -> xpath: //*[@id="username"]]
2019-03-04 15:29:38 INFO  LoginPage:63 - Entered password====>>ift and object is[[ChromeDriver: chrome on XP (f0dbd70908736e5c457cc00f245bbf11)] -> xpath: //*[@id="password"]]
2019-03-04 15:30:40 INFO  TestBase:134 - =========>Started verify login
2019-03-04 15:30:40 INFO  LoginPage:63 - Entered login id====>>__12345 and object is[[ChromeDriver: chrome on XP (f0dbd70908736e5c457cc00f245bbf11)] -> xpath: //*[@id="username"]]
2019-03-04 15:30:40 INFO  LoginPage:63 - Entered password====>>- and object is[[ChromeDriver: chrome on XP (f0dbd70908736e5c457cc00f245bbf11)] -> xpath: //*[@id="password"]]
2019-03-04 15:31:43 INFO  TestBase:134 - =========>Started verify login
2019-03-04 15:31:43 INFO  LoginPage:63 - Entered login id====>>- and object is[[ChromeDriver: chrome on XP (f0dbd70908736e5c457cc00f245bbf11)] -> xpath: //*[@id="username"]]
2019-03-04 15:31:43 INFO  LoginPage:63 - Entered password====>>- and object is[[ChromeDriver: chrome on XP (f0dbd70908736e5c457cc00f245bbf11)] -> xpath: //*[@id="password"]]
2019-03-04 15:32:45 INFO  TestBase:134 - =========>Started verify login
2019-03-04 15:32:45 INFO  LoginPage:63 - Entered login id====>>!#@@@ and object is[[ChromeDriver: chrome on XP (f0dbd70908736e5c457cc00f245bbf11)] -> xpath: //*[@id="username"]]
2019-03-04 15:32:46 INFO  LoginPage:63 - Entered password====>>ssss and object is[[ChromeDriver: chrome on XP (f0dbd70908736e5c457cc00f245bbf11)] -> xpath: //*[@id="password"]]
2019-03-04 15:33:48 INFO  TestBase:134 - =========>Started verify login
2019-03-04 15:33:48 INFO  LoginPage:63 - Entered login id====>>hhhhhhhhhhhhh and object is[[ChromeDriver: chrome on XP (f0dbd70908736e5c457cc00f245bbf11)] -> xpath: //*[@id="username"]]
2019-03-04 15:33:48 INFO  LoginPage:63 - Entered password====>>1.3123424234E10 and object is[[ChromeDriver: chrome on XP (f0dbd70908736e5c457cc00f245bbf11)] -> xpath: //*[@id="password"]]
2019-03-04 15:34:51 INFO  TestBase:134 - =========>Started verify login
2019-03-04 15:34:51 INFO  LoginPage:63 - Entered login id====>>12!@#ff and object is[[ChromeDriver: chrome on XP (f0dbd70908736e5c457cc00f245bbf11)] -> xpath: //*[@id="username"]]
2019-03-04 15:34:51 INFO  LoginPage:63 - Entered password====>>32243!@@!@ and object is[[ChromeDriver: chrome on XP (f0dbd70908736e5c457cc00f245bbf11)] -> xpath: //*[@id="password"]]
2019-03-04 15:35:54 INFO  TestBase:213 - browser closed
2019-03-04 15:38:14 INFO  TestBase:213 - browser closed
2019-03-04 15:52:20 INFO  TestBase:134 - =========>Started verify login
2019-03-04 15:52:20 INFO  LoginPage:63 - Entered login id====>>helloo and object is[[ChromeDriver: chrome on XP (38ffb12dd616166c48063fc7f1520b06)] -> xpath: //*[@id="username"]]
2019-03-04 15:52:20 INFO  LoginPage:63 - Entered password====>>ift and object is[[ChromeDriver: chrome on XP (38ffb12dd616166c48063fc7f1520b06)] -> xpath: //*[@id="password"]]
2019-03-04 15:53:23 INFO  TestBase:134 - =========>Started verify login
2019-03-04 15:53:23 INFO  LoginPage:63 - Entered login id====>>fp-ifttest and object is[[ChromeDriver: chrome on XP (38ffb12dd616166c48063fc7f1520b06)] -> xpath: //*[@id="username"]]
2019-03-04 15:53:23 INFO  LoginPage:63 - Entered password====>>hhh and object is[[ChromeDriver: chrome on XP (38ffb12dd616166c48063fc7f1520b06)] -> xpath: //*[@id="password"]]
2019-03-04 15:54:25 INFO  TestBase:134 - =========>Started verify login
2019-03-04 15:54:25 INFO  LoginPage:63 - Entered login id====>>ffffg and object is[[ChromeDriver: chrome on XP (38ffb12dd616166c48063fc7f1520b06)] -> xpath: //*[@id="username"]]
2019-03-04 15:54:26 INFO  LoginPage:63 - Entered password====>>fffff and object is[[ChromeDriver: chrome on XP (38ffb12dd616166c48063fc7f1520b06)] -> xpath: //*[@id="password"]]
2019-03-04 15:55:29 INFO  TestBase:213 - browser closed
2019-03-04 16:01:40 INFO  TestBase:134 - =========>Started verify login
2019-03-04 16:01:41 INFO  LoginPage:63 - Entered login id====>>helloo and object is[[ChromeDriver: chrome on XP (34e724c7544230e5c491566f3629447c)] -> xpath: //*[@id="username"]]
2019-03-04 16:01:41 INFO  LoginPage:63 - Entered password====>>ift and object is[[ChromeDriver: chrome on XP (34e724c7544230e5c491566f3629447c)] -> xpath: //*[@id="password"]]
2019-03-04 16:02:43 INFO  TestBase:134 - =========>Started verify login
2019-03-04 16:02:43 INFO  LoginPage:63 - Entered login id====>>fp-ifttest and object is[[ChromeDriver: chrome on XP (34e724c7544230e5c491566f3629447c)] -> xpath: //*[@id="username"]]
2019-03-04 16:02:44 INFO  LoginPage:63 - Entered password====>>hhh and object is[[ChromeDriver: chrome on XP (34e724c7544230e5c491566f3629447c)] -> xpath: //*[@id="password"]]
2019-03-04 16:03:46 INFO  TestBase:134 - =========>Started verify login
2019-03-04 16:03:46 INFO  LoginPage:63 - Entered login id====>>ffffg and object is[[ChromeDriver: chrome on XP (34e724c7544230e5c491566f3629447c)] -> xpath: //*[@id="username"]]
2019-03-04 16:03:46 INFO  LoginPage:63 - Entered password====>>fffff and object is[[ChromeDriver: chrome on XP (34e724c7544230e5c491566f3629447c)] -> xpath: //*[@id="password"]]
2019-03-04 16:04:49 INFO  TestBase:213 - browser closed
2019-03-04 16:48:46 INFO  TestBase:134 - =========>Started verify login
2019-03-04 16:48:47 INFO  LoginPage:63 - Entered login id====>>helloo and object is[[ChromeDriver: chrome on XP (4ae8aaa08a4854f035ba5f70a1502c0e)] -> xpath: //*[@id="username"]]
2019-03-04 16:48:47 INFO  LoginPage:63 - Entered password====>>ift and object is[[ChromeDriver: chrome on XP (4ae8aaa08a4854f035ba5f70a1502c0e)] -> xpath: //*[@id="password"]]
2019-03-04 16:49:49 INFO  TestBase:134 - =========>Started verify login
2019-03-04 16:49:49 INFO  LoginPage:63 - Entered login id====>>fp-ifttest and object is[[ChromeDriver: chrome on XP (4ae8aaa08a4854f035ba5f70a1502c0e)] -> xpath: //*[@id="username"]]
2019-03-04 16:49:49 INFO  LoginPage:63 - Entered password====>>hhh and object is[[ChromeDriver: chrome on XP (4ae8aaa08a4854f035ba5f70a1502c0e)] -> xpath: //*[@id="password"]]
2019-03-04 16:50:52 INFO  TestBase:134 - =========>Started verify login
2019-03-04 16:50:52 INFO  LoginPage:63 - Entered login id====>>ffffg and object is[[ChromeDriver: chrome on XP (4ae8aaa08a4854f035ba5f70a1502c0e)] -> xpath: //*[@id="username"]]
2019-03-04 16:50:52 INFO  LoginPage:63 - Entered password====>>fffff and object is[[ChromeDriver: chrome on XP (4ae8aaa08a4854f035ba5f70a1502c0e)] -> xpath: //*[@id="password"]]
2019-03-04 16:51:56 INFO  TestBase:213 - browser closed
2019-03-04 17:20:36 INFO  TestBase:134 - =========>Started verify login
2019-03-04 17:20:36 INFO  LoginPage:63 - Entered login id====>>helloo and object is[[ChromeDriver: chrome on XP (ae0aaaefd1e47f0111d84b43acb4bcc4)] -> xpath: //*[@id="username"]]
2019-03-04 17:20:36 INFO  LoginPage:63 - Entered password====>>ift and object is[[ChromeDriver: chrome on XP (ae0aaaefd1e47f0111d84b43acb4bcc4)] -> xpath: //*[@id="password"]]
2019-03-04 17:21:39 INFO  TestBase:134 - =========>Started verify login
2019-03-04 17:21:39 INFO  LoginPage:63 - Entered login id====>>fp-ifttest and object is[[ChromeDriver: chrome on XP (ae0aaaefd1e47f0111d84b43acb4bcc4)] -> xpath: //*[@id="username"]]
2019-03-04 17:21:39 INFO  LoginPage:63 - Entered password====>>hhh and object is[[ChromeDriver: chrome on XP (ae0aaaefd1e47f0111d84b43acb4bcc4)] -> xpath: //*[@id="password"]]
2019-03-04 17:22:41 INFO  TestBase:134 - =========>Started verify login
2019-03-04 17:22:42 INFO  LoginPage:63 - Entered login id====>>ffffg and object is[[ChromeDriver: chrome on XP (ae0aaaefd1e47f0111d84b43acb4bcc4)] -> xpath: //*[@id="username"]]
2019-03-04 17:22:42 INFO  LoginPage:63 - Entered password====>>fffff and object is[[ChromeDriver: chrome on XP (ae0aaaefd1e47f0111d84b43acb4bcc4)] -> xpath: //*[@id="password"]]
2019-03-04 17:23:45 INFO  TestBase:213 - browser closed
2019-03-04 17:31:46 INFO  TestBase:134 - =========>Started verify login
2019-03-04 17:31:47 INFO  TestBase:213 - browser closed
2019-03-04 17:32:21 INFO  TestBase:134 - =========>Started verify login
2019-03-04 17:32:21 INFO  LoginPage:63 - Entered login id====>>helloo and object is[[ChromeDriver: chrome on XP (6721c351cfee902e6e6a507bd28450ab)] -> xpath: //*[@id="username"]]
2019-03-04 17:32:22 INFO  LoginPage:63 - Entered password====>>ift and object is[[ChromeDriver: chrome on XP (6721c351cfee902e6e6a507bd28450ab)] -> xpath: //*[@id="password"]]
2019-03-04 17:33:24 INFO  TestBase:134 - =========>Started verify login
2019-03-04 17:33:24 INFO  LoginPage:63 - Entered login id====>>fp-ifttest and object is[[ChromeDriver: chrome on XP (6721c351cfee902e6e6a507bd28450ab)] -> xpath: //*[@id="username"]]
2019-03-04 17:33:24 INFO  LoginPage:63 - Entered password====>>hhh and object is[[ChromeDriver: chrome on XP (6721c351cfee902e6e6a507bd28450ab)] -> xpath: //*[@id="password"]]
2019-03-04 17:34:27 INFO  TestBase:134 - =========>Started verify login
2019-03-04 17:34:27 INFO  LoginPage:63 - Entered login id====>>ffffg and object is[[ChromeDriver: chrome on XP (6721c351cfee902e6e6a507bd28450ab)] -> xpath: //*[@id="username"]]
2019-03-04 17:34:27 INFO  LoginPage:63 - Entered password====>>fffff and object is[[ChromeDriver: chrome on XP (6721c351cfee902e6e6a507bd28450ab)] -> xpath: //*[@id="password"]]
2019-03-04 17:35:30 INFO  TestBase:213 - browser closed
2019-03-05 09:59:28 INFO  TestBase:134 - =========>Started verify login
2019-03-05 09:59:29 INFO  TestBase:213 - browser closed
2019-03-05 10:00:11 INFO  TestBase:134 - =========>Started verify login
2019-03-05 10:00:11 INFO  LoginPage:63 - Entered login id====>>helloo and object is[[ChromeDriver: chrome on XP (809542c3c24f490968c9db4832701e3c)] -> xpath: //*[@id="username"]]
2019-03-05 10:00:11 INFO  LoginPage:63 - Entered password====>>ift and object is[[ChromeDriver: chrome on XP (809542c3c24f490968c9db4832701e3c)] -> xpath: //*[@id="password"]]
2019-03-05 10:01:14 INFO  TestBase:134 - =========>Started verify login
2019-03-05 10:01:14 INFO  LoginPage:63 - Entered login id====>>fp-ifttest and object is[[ChromeDriver: chrome on XP (809542c3c24f490968c9db4832701e3c)] -> xpath: //*[@id="username"]]
2019-03-05 10:01:14 INFO  LoginPage:63 - Entered password====>>hhh and object is[[ChromeDriver: chrome on XP (809542c3c24f490968c9db4832701e3c)] -> xpath: //*[@id="password"]]
2019-03-05 10:02:16 INFO  TestBase:134 - =========>Started verify login
2019-03-05 10:02:17 INFO  LoginPage:63 - Entered login id====>>ffffg and object is[[ChromeDriver: chrome on XP (809542c3c24f490968c9db4832701e3c)] -> xpath: //*[@id="username"]]
2019-03-05 10:02:17 INFO  LoginPage:63 - Entered password====>>fffff and object is[[ChromeDriver: chrome on XP (809542c3c24f490968c9db4832701e3c)] -> xpath: //*[@id="password"]]
2019-03-05 10:03:20 INFO  TestBase:213 - browser closed
2019-03-05 10:09:34 INFO  TestBase:134 - =========>Started verify login
2019-03-05 10:09:35 INFO  LoginPage:63 - Entered login id====>>helloo and object is[[ChromeDriver: chrome on XP (69c71ab4c097f6911575c8c5f9696432)] -> xpath: //*[@id="username"]]
2019-03-05 10:09:35 INFO  LoginPage:63 - Entered password====>>ift and object is[[ChromeDriver: chrome on XP (69c71ab4c097f6911575c8c5f9696432)] -> xpath: //*[@id="password"]]
2019-03-05 10:10:37 INFO  TestBase:134 - =========>Started verify login
2019-03-05 10:10:37 INFO  LoginPage:63 - Entered login id====>>fp-ifttest and object is[[ChromeDriver: chrome on XP (69c71ab4c097f6911575c8c5f9696432)] -> xpath: //*[@id="username"]]
2019-03-05 10:10:37 INFO  LoginPage:63 - Entered password====>>hhh and object is[[ChromeDriver: chrome on XP (69c71ab4c097f6911575c8c5f9696432)] -> xpath: //*[@id="password"]]
2019-03-05 10:11:40 INFO  TestBase:134 - =========>Started verify login
2019-03-05 10:11:40 INFO  LoginPage:63 - Entered login id====>>ffffg and object is[[ChromeDriver: chrome on XP (69c71ab4c097f6911575c8c5f9696432)] -> xpath: //*[@id="username"]]
2019-03-05 10:11:40 INFO  LoginPage:63 - Entered password====>>fffff and object is[[ChromeDriver: chrome on XP (69c71ab4c097f6911575c8c5f9696432)] -> xpath: //*[@id="password"]]
2019-03-05 10:12:43 INFO  TestBase:234 - browser closed
2019-03-05 10:49:47 INFO  TestBase:134 - =========>Started verify login
2019-03-05 10:49:48 INFO  TestBase:234 - browser closed
2019-03-05 10:50:29 INFO  TestBase:134 - =========>Started verify login
2019-03-05 10:50:29 INFO  LoginPage:63 - Entered login id====>>helloo and object is[[ChromeDriver: chrome on XP (884d3e45ca43d0c2b25f09954a824b85)] -> xpath: //*[@id="username"]]
2019-03-05 10:50:29 INFO  LoginPage:63 - Entered password====>>ift and object is[[ChromeDriver: chrome on XP (884d3e45ca43d0c2b25f09954a824b85)] -> xpath: //*[@id="password"]]
2019-03-05 10:51:32 INFO  TestBase:134 - =========>Started verify login
2019-03-05 10:51:32 INFO  LoginPage:63 - Entered login id====>>fp-ifttest and object is[[ChromeDriver: chrome on XP (884d3e45ca43d0c2b25f09954a824b85)] -> xpath: //*[@id="username"]]
2019-03-05 10:51:32 INFO  LoginPage:63 - Entered password====>>hhh and object is[[ChromeDriver: chrome on XP (884d3e45ca43d0c2b25f09954a824b85)] -> xpath: //*[@id="password"]]
2019-03-05 10:52:35 INFO  TestBase:134 - =========>Started verify login
2019-03-05 10:52:35 INFO  LoginPage:63 - Entered login id====>>ffffg and object is[[ChromeDriver: chrome on XP (884d3e45ca43d0c2b25f09954a824b85)] -> xpath: //*[@id="username"]]
2019-03-05 10:52:35 INFO  LoginPage:63 - Entered password====>>fffff and object is[[ChromeDriver: chrome on XP (884d3e45ca43d0c2b25f09954a824b85)] -> xpath: //*[@id="password"]]
2019-03-05 10:53:38 INFO  TestBase:215 - browser closed
2019-03-05 11:00:59 INFO  TestBase:134 - =========>Started verify login
2019-03-05 11:00:59 INFO  LoginPage:63 - Entered login id====>>helloo and object is[[ChromeDriver: chrome on XP (c4d8f5c62fdc63f915ca0e0266213477)] -> xpath: //*[@id="username"]]
2019-03-05 11:00:59 INFO  LoginPage:63 - Entered password====>>ift and object is[[ChromeDriver: chrome on XP (c4d8f5c62fdc63f915ca0e0266213477)] -> xpath: //*[@id="password"]]
2019-03-05 11:02:02 INFO  TestBase:134 - =========>Started verify login
2019-03-05 11:02:02 INFO  LoginPage:63 - Entered login id====>>fp-ifttest and object is[[ChromeDriver: chrome on XP (c4d8f5c62fdc63f915ca0e0266213477)] -> xpath: //*[@id="username"]]
2019-03-05 11:02:02 INFO  LoginPage:63 - Entered password====>>hhh and object is[[ChromeDriver: chrome on XP (c4d8f5c62fdc63f915ca0e0266213477)] -> xpath: //*[@id="password"]]
2019-03-05 11:03:05 INFO  TestBase:134 - =========>Started verify login
2019-03-05 11:03:05 INFO  LoginPage:63 - Entered login id====>>ffffg and object is[[ChromeDriver: chrome on XP (c4d8f5c62fdc63f915ca0e0266213477)] -> xpath: //*[@id="username"]]
2019-03-05 11:03:05 INFO  LoginPage:63 - Entered password====>>fffff and object is[[ChromeDriver: chrome on XP (c4d8f5c62fdc63f915ca0e0266213477)] -> xpath: //*[@id="password"]]
2019-03-05 11:04:08 INFO  TestBase:215 - browser closed
2019-03-05 11:13:10 INFO  TestBase:134 - =========>Started verify login
2019-03-05 11:13:11 INFO  LoginPage:63 - Entered login id====>>helloo and object is[[ChromeDriver: chrome on XP (df23ebcde3e2c40df182284eb4f2747a)] -> xpath: //*[@id="username"]]
2019-03-05 11:13:11 INFO  LoginPage:63 - Entered password====>>ift and object is[[ChromeDriver: chrome on XP (df23ebcde3e2c40df182284eb4f2747a)] -> xpath: //*[@id="password"]]
2019-03-05 11:14:13 INFO  Retry:39 - Retrying testverifyLoginwith status nullfor the1time(s).
2019-03-05 11:14:13 INFO  TestBase:134 - =========>Started verify login
2019-03-05 11:14:13 INFO  LoginPage:63 - Entered login id====>>helloo and object is[[ChromeDriver: chrome on XP (df23ebcde3e2c40df182284eb4f2747a)] -> xpath: //*[@id="username"]]
2019-03-05 11:14:13 INFO  LoginPage:63 - Entered password====>>ift and object is[[ChromeDriver: chrome on XP (df23ebcde3e2c40df182284eb4f2747a)] -> xpath: //*[@id="password"]]
2019-03-05 11:15:16 INFO  TestBase:134 - =========>Started verify login
2019-03-05 11:15:16 INFO  LoginPage:63 - Entered login id====>>fp-ifttest and object is[[ChromeDriver: chrome on XP (df23ebcde3e2c40df182284eb4f2747a)] -> xpath: //*[@id="username"]]
2019-03-05 11:15:16 INFO  LoginPage:63 - Entered password====>>hhh and object is[[ChromeDriver: chrome on XP (df23ebcde3e2c40df182284eb4f2747a)] -> xpath: //*[@id="password"]]
2019-03-05 11:16:19 INFO  TestBase:134 - =========>Started verify login
2019-03-05 11:16:19 INFO  LoginPage:63 - Entered login id====>>fp-ifttest and object is[[ChromeDriver: chrome on XP (df23ebcde3e2c40df182284eb4f2747a)] -> xpath: //*[@id="username"]]
2019-03-05 11:16:20 INFO  LoginPage:63 - Entered password====>>hhh and object is[[ChromeDriver: chrome on XP (df23ebcde3e2c40df182284eb4f2747a)] -> xpath: //*[@id="password"]]
2019-03-05 11:17:22 INFO  TestBase:134 - =========>Started verify login
2019-03-05 11:17:22 INFO  LoginPage:63 - Entered login id====>>ffffg and object is[[ChromeDriver: chrome on XP (df23ebcde3e2c40df182284eb4f2747a)] -> xpath: //*[@id="username"]]
2019-03-05 11:17:23 INFO  LoginPage:63 - Entered password====>>fffff and object is[[ChromeDriver: chrome on XP (df23ebcde3e2c40df182284eb4f2747a)] -> xpath: //*[@id="password"]]
2019-03-05 11:18:25 INFO  TestBase:134 - =========>Started verify login
2019-03-05 11:18:26 INFO  LoginPage:63 - Entered login id====>>ffffg and object is[[ChromeDriver: chrome on XP (df23ebcde3e2c40df182284eb4f2747a)] -> xpath: //*[@id="username"]]
2019-03-05 11:18:26 INFO  LoginPage:63 - Entered password====>>fffff and object is[[ChromeDriver: chrome on XP (df23ebcde3e2c40df182284eb4f2747a)] -> xpath: //*[@id="password"]]
2019-03-05 11:19:29 INFO  TestBase:215 - browser closed
2019-03-05 11:24:02 INFO  TestBase:134 - =========>Started verify login
2019-03-05 11:24:02 INFO  LoginPage:63 - Entered login id====>>helloo and object is[[ChromeDriver: chrome on XP (4c00bcff45d648f45389e2d7ae79f263)] -> xpath: //*[@id="username"]]
2019-03-05 11:24:02 INFO  LoginPage:63 - Entered password====>>ift and object is[[ChromeDriver: chrome on XP (4c00bcff45d648f45389e2d7ae79f263)] -> xpath: //*[@id="password"]]
2019-03-05 11:24:02 INFO  Retry:39 - Retrying testverifyLoginwith status nullfor the1time(s).
2019-03-05 11:24:02 INFO  TestBase:134 - =========>Started verify login
2019-03-05 11:24:03 INFO  LoginPage:63 - Entered login id====>>helloo and object is[[ChromeDriver: chrome on XP (4c00bcff45d648f45389e2d7ae79f263)] -> xpath: //*[@id="username"]]
2019-03-05 11:24:03 INFO  LoginPage:63 - Entered password====>>ift and object is[[ChromeDriver: chrome on XP (4c00bcff45d648f45389e2d7ae79f263)] -> xpath: //*[@id="password"]]
2019-03-05 11:24:03 INFO  TestBase:134 - =========>Started verify login
2019-03-05 11:24:03 INFO  LoginPage:63 - Entered login id====>>fp-ifttest and object is[[ChromeDriver: chrome on XP (4c00bcff45d648f45389e2d7ae79f263)] -> xpath: //*[@id="username"]]
2019-03-05 11:24:04 INFO  LoginPage:63 - Entered password====>>hhh and object is[[ChromeDriver: chrome on XP (4c00bcff45d648f45389e2d7ae79f263)] -> xpath: //*[@id="password"]]
2019-03-05 11:24:04 INFO  TestBase:134 - =========>Started verify login
2019-03-05 11:24:04 INFO  LoginPage:63 - Entered login id====>>fp-ifttest and object is[[ChromeDriver: chrome on XP (4c00bcff45d648f45389e2d7ae79f263)] -> xpath: //*[@id="username"]]
2019-03-05 11:24:05 INFO  LoginPage:63 - Entered password====>>hhh and object is[[ChromeDriver: chrome on XP (4c00bcff45d648f45389e2d7ae79f263)] -> xpath: //*[@id="password"]]
2019-03-05 11:24:05 INFO  TestBase:134 - =========>Started verify login
2019-03-05 11:24:05 INFO  LoginPage:63 - Entered login id====>>ffffg and object is[[ChromeDriver: chrome on XP (4c00bcff45d648f45389e2d7ae79f263)] -> xpath: //*[@id="username"]]
2019-03-05 11:24:05 INFO  LoginPage:63 - Entered password====>>fffff and object is[[ChromeDriver: chrome on XP (4c00bcff45d648f45389e2d7ae79f263)] -> xpath: //*[@id="password"]]
2019-03-05 11:24:06 INFO  TestBase:134 - =========>Started verify login
2019-03-05 11:24:06 INFO  LoginPage:63 - Entered login id====>>ffffg and object is[[ChromeDriver: chrome on XP (4c00bcff45d648f45389e2d7ae79f263)] -> xpath: //*[@id="username"]]
2019-03-05 11:24:06 INFO  LoginPage:63 - Entered password====>>fffff and object is[[ChromeDriver: chrome on XP (4c00bcff45d648f45389e2d7ae79f263)] -> xpath: //*[@id="password"]]
2019-03-05 11:24:08 INFO  TestBase:215 - browser closed
2019-03-05 12:30:13 INFO  TestBase:134 - =========>Started verify login
2019-03-05 12:30:13 INFO  LoginPage:63 - Entered login id====>>helloo and object is[[ChromeDriver: chrome on XP (79d12ac2953e60fd49b4314003a19cec)] -> xpath: //*[@id="username"]]
2019-03-05 12:30:13 INFO  LoginPage:63 - Entered password====>>ift and object is[[ChromeDriver: chrome on XP (79d12ac2953e60fd49b4314003a19cec)] -> xpath: //*[@id="password"]]
2019-03-05 12:30:14 INFO  TestBase:134 - =========>Started verify login
2019-03-05 12:30:14 INFO  LoginPage:63 - Entered login id====>>fp-ifttest and object is[[ChromeDriver: chrome on XP (79d12ac2953e60fd49b4314003a19cec)] -> xpath: //*[@id="username"]]
2019-03-05 12:30:14 INFO  LoginPage:63 - Entered password====>>hhh and object is[[ChromeDriver: chrome on XP (79d12ac2953e60fd49b4314003a19cec)] -> xpath: //*[@id="password"]]
2019-03-05 12:30:14 INFO  TestBase:134 - =========>Started verify login
2019-03-05 12:30:14 INFO  LoginPage:63 - Entered login id====>>ffffg and object is[[ChromeDriver: chrome on XP (79d12ac2953e60fd49b4314003a19cec)] -> xpath: //*[@id="username"]]
2019-03-05 12:30:14 INFO  LoginPage:63 - Entered password====>>fffff and object is[[ChromeDriver: chrome on XP (79d12ac2953e60fd49b4314003a19cec)] -> xpath: //*[@id="password"]]
2019-03-05 12:30:16 INFO  TestBase:215 - browser closed
2019-03-05 12:33:21 INFO  TestBase:134 - =========>Started verify login
2019-03-05 12:33:21 INFO  LoginPage:63 - Entered login id====>>helloo and object is[[ChromeDriver: chrome on XP (138ba299c61baa1f12f25ca8e3e827fd)] -> xpath: //*[@id="username"]]
2019-03-05 12:33:21 INFO  LoginPage:63 - Entered password====>>ift and object is[[ChromeDriver: chrome on XP (138ba299c61baa1f12f25ca8e3e827fd)] -> xpath: //*[@id="password"]]
2019-03-05 12:33:22 INFO  TestBase:134 - =========>Started verify login
2019-03-05 12:33:22 INFO  LoginPage:63 - Entered login id====>>fp-ifttest and object is[[ChromeDriver: chrome on XP (138ba299c61baa1f12f25ca8e3e827fd)] -> xpath: //*[@id="username"]]
2019-03-05 12:33:22 INFO  LoginPage:63 - Entered password====>>hhh and object is[[ChromeDriver: chrome on XP (138ba299c61baa1f12f25ca8e3e827fd)] -> xpath: //*[@id="password"]]
2019-03-05 12:33:22 INFO  TestBase:134 - =========>Started verify login
2019-03-05 12:33:22 INFO  LoginPage:63 - Entered login id====>>ffffg and object is[[ChromeDriver: chrome on XP (138ba299c61baa1f12f25ca8e3e827fd)] -> xpath: //*[@id="username"]]
2019-03-05 12:33:23 INFO  LoginPage:63 - Entered password====>>fffff and object is[[ChromeDriver: chrome on XP (138ba299c61baa1f12f25ca8e3e827fd)] -> xpath: //*[@id="password"]]
2019-03-05 12:33:24 INFO  TestBase:215 - browser closed
2019-03-05 12:44:01 INFO  TestBase:134 - =========>Started verify login
2019-03-05 12:44:01 INFO  LoginPage:63 - Entered login id====>>helloo and object is[[ChromeDriver: chrome on XP (e82991a06ef2e2a7ed6f7be33b258262)] -> xpath: //*[@id="username"]]
2019-03-05 12:44:01 INFO  LoginPage:63 - Entered password====>>ift and object is[[ChromeDriver: chrome on XP (e82991a06ef2e2a7ed6f7be33b258262)] -> xpath: //*[@id="password"]]
2019-03-05 12:44:02 INFO  TestBase:134 - =========>Started verify login
2019-03-05 12:44:02 INFO  LoginPage:63 - Entered login id====>>fp-ifttest and object is[[ChromeDriver: chrome on XP (e82991a06ef2e2a7ed6f7be33b258262)] -> xpath: //*[@id="username"]]
2019-03-05 12:44:02 INFO  LoginPage:63 - Entered password====>>hhh and object is[[ChromeDriver: chrome on XP (e82991a06ef2e2a7ed6f7be33b258262)] -> xpath: //*[@id="password"]]
2019-03-05 12:44:02 INFO  TestBase:134 - =========>Started verify login
2019-03-05 12:44:02 INFO  LoginPage:63 - Entered login id====>>ffffg and object is[[ChromeDriver: chrome on XP (e82991a06ef2e2a7ed6f7be33b258262)] -> xpath: //*[@id="username"]]
2019-03-05 12:44:02 INFO  LoginPage:63 - Entered password====>>fffff and object is[[ChromeDriver: chrome on XP (e82991a06ef2e2a7ed6f7be33b258262)] -> xpath: //*[@id="password"]]
2019-03-05 12:44:04 INFO  TestBase:215 - browser closed
2019-03-05 14:33:41 INFO  TestBase:134 - =========>Started verify login
2019-03-05 14:33:41 INFO  LoginPage:63 - Entered login id====>>helloo and object is[[ChromeDriver: chrome on XP (67b8a357c0a84867311ac0b8a544beb7)] -> xpath: //*[@id="username"]]
2019-03-05 14:33:42 INFO  LoginPage:63 - Entered password====>>ift and object is[[ChromeDriver: chrome on XP (67b8a357c0a84867311ac0b8a544beb7)] -> xpath: //*[@id="password"]]
2019-03-05 14:34:04 INFO  LoginPage:63 - Clicked on submit button is[[ChromeDriver: chrome on XP (67b8a357c0a84867311ac0b8a544beb7)] -> xpath: /html/body/div[2]/form[1]/div[6]/button]
2019-03-05 14:34:04 INFO  TestBase:134 - =========>Finished verify login
2019-03-05 14:34:04 INFO  TestBase:134 - =========>Started verify login
2019-03-05 14:34:05 INFO  LoginPage:63 - Entered login id====>>fp-ifttest and object is[[ChromeDriver: chrome on XP (67b8a357c0a84867311ac0b8a544beb7)] -> xpath: //*[@id="username"]]
2019-03-05 14:34:05 INFO  LoginPage:63 - Entered password====>>hhh and object is[[ChromeDriver: chrome on XP (67b8a357c0a84867311ac0b8a544beb7)] -> xpath: //*[@id="password"]]
2019-03-05 14:34:27 INFO  LoginPage:63 - Clicked on submit button is[[ChromeDriver: chrome on XP (67b8a357c0a84867311ac0b8a544beb7)] -> xpath: /html/body/div[2]/form[1]/div[6]/button]
2019-03-05 14:34:27 INFO  TestBase:134 - =========>Finished verify login
2019-03-05 14:34:27 INFO  TestBase:134 - =========>Started verify login
2019-03-05 14:34:27 INFO  LoginPage:63 - Entered login id====>>ffffg and object is[[ChromeDriver: chrome on XP (67b8a357c0a84867311ac0b8a544beb7)] -> xpath: //*[@id="username"]]
2019-03-05 14:34:28 INFO  LoginPage:63 - Entered password====>>fffff and object is[[ChromeDriver: chrome on XP (67b8a357c0a84867311ac0b8a544beb7)] -> xpath: //*[@id="password"]]
2019-03-05 14:34:50 INFO  LoginPage:63 - Clicked on submit button is[[ChromeDriver: chrome on XP (67b8a357c0a84867311ac0b8a544beb7)] -> xpath: /html/body/div[2]/form[1]/div[6]/button]
2019-03-05 14:34:50 INFO  TestBase:134 - =========>Finished verify login
2019-03-05 14:34:51 INFO  TestBase:215 - browser closed
2019-03-05 15:14:24 INFO  TestBase:134 - =========>Started verify login
2019-03-05 15:14:25 INFO  LoginPage:63 - Entered login id====>>helloo and object is[[ChromeDriver: chrome on XP (8eb357db839ce385bbcb1c95b10b5b99)] -> xpath: //*[@id="username"]]
2019-03-05 15:14:25 INFO  LoginPage:63 - Entered password====>>ift and object is[[ChromeDriver: chrome on XP (8eb357db839ce385bbcb1c95b10b5b99)] -> xpath: //*[@id="password"]]
2019-03-05 15:15:26 INFO  TestBase:134 - =========>Started verify login
2019-03-05 15:15:26 INFO  LoginPage:63 - Entered login id====>>helloo and object is[[ChromeDriver: chrome on XP (41c5f0089e21a055798a5f95a8a26d2b)] -> xpath: //*[@id="username"]]
2019-03-05 15:15:26 INFO  LoginPage:63 - Entered password====>>ift and object is[[ChromeDriver: chrome on XP (41c5f0089e21a055798a5f95a8a26d2b)] -> xpath: //*[@id="password"]]
2019-03-05 15:15:27 INFO  TestBase:134 - =========>Started verify login
2019-03-05 15:15:27 INFO  LoginPage:63 - Entered login id====>>fp-ifttest and object is[[ChromeDriver: chrome on XP (41c5f0089e21a055798a5f95a8a26d2b)] -> xpath: //*[@id="username"]]
2019-03-05 15:15:27 INFO  LoginPage:63 - Entered password====>>hhh and object is[[ChromeDriver: chrome on XP (41c5f0089e21a055798a5f95a8a26d2b)] -> xpath: //*[@id="password"]]
2019-03-05 15:15:27 INFO  TestBase:134 - =========>Started verify login
2019-03-05 15:15:27 INFO  LoginPage:63 - Entered login id====>>ffffg and object is[[ChromeDriver: chrome on XP (41c5f0089e21a055798a5f95a8a26d2b)] -> xpath: //*[@id="username"]]
2019-03-05 15:15:28 INFO  LoginPage:63 - Entered password====>>fffff and object is[[ChromeDriver: chrome on XP (41c5f0089e21a055798a5f95a8a26d2b)] -> xpath: //*[@id="password"]]
2019-03-05 15:15:29 INFO  TestBase:215 - browser closed
2019-03-05 15:20:19 INFO  TestBase:134 - =========>Started verify login
2019-03-05 15:20:19 INFO  LoginPage:63 - Entered login id====>>helloo and object is[[ChromeDriver: chrome on XP (4520d301a3d3837cbcbd78829b792182)] -> xpath: //*[@id="username"]]
2019-03-05 15:20:20 INFO  LoginPage:63 - Entered password====>>ift and object is[[ChromeDriver: chrome on XP (4520d301a3d3837cbcbd78829b792182)] -> xpath: //*[@id="password"]]
2019-03-05 15:20:41 INFO  LoginPage:63 - Clicked on submit button is[[ChromeDriver: chrome on XP (4520d301a3d3837cbcbd78829b792182)] -> xpath: /html/body/div[2]/form[1]/div[6]/button]
2019-03-05 15:20:41 INFO  TestBase:134 - =========>Finished verify login
2019-03-05 15:20:41 INFO  TestBase:134 - =========>Started verify login
2019-03-05 15:20:41 INFO  LoginPage:63 - Entered login id====>>fp-ifttest and object is[[ChromeDriver: chrome on XP (4520d301a3d3837cbcbd78829b792182)] -> xpath: //*[@id="username"]]
2019-03-05 15:20:41 INFO  LoginPage:63 - Entered password====>>hhh and object is[[ChromeDriver: chrome on XP (4520d301a3d3837cbcbd78829b792182)] -> xpath: //*[@id="password"]]
2019-03-05 15:21:03 INFO  LoginPage:63 - Clicked on submit button is[[ChromeDriver: chrome on XP (4520d301a3d3837cbcbd78829b792182)] -> xpath: /html/body/div[2]/form[1]/div[6]/button]
2019-03-05 15:21:03 INFO  TestBase:134 - =========>Finished verify login
2019-03-05 15:21:03 INFO  TestBase:134 - =========>Started verify login
2019-03-05 15:21:03 INFO  LoginPage:63 - Entered login id====>>ffffg and object is[[ChromeDriver: chrome on XP (4520d301a3d3837cbcbd78829b792182)] -> xpath: //*[@id="username"]]
2019-03-05 15:21:03 INFO  LoginPage:63 - Entered password====>>fffff and object is[[ChromeDriver: chrome on XP (4520d301a3d3837cbcbd78829b792182)] -> xpath: //*[@id="password"]]
2019-03-05 15:21:24 INFO  LoginPage:63 - Clicked on submit button is[[ChromeDriver: chrome on XP (4520d301a3d3837cbcbd78829b792182)] -> xpath: /html/body/div[2]/form[1]/div[6]/button]
2019-03-05 15:21:25 INFO  TestBase:134 - =========>Finished verify login
2019-03-05 15:21:26 INFO  TestBase:215 - browser closed
2019-03-05 15:24:18 INFO  TestBase:134 - =========>Started verify login
2019-03-05 15:24:18 INFO  LoginPage:63 - Entered login id====>>helloo and object is[[ChromeDriver: chrome on XP (833f0d9feae18554996f444828d4b1b1)] -> xpath: //*[@id="username"]]
2019-03-05 15:24:18 INFO  LoginPage:63 - Entered password====>>ift and object is[[ChromeDriver: chrome on XP (833f0d9feae18554996f444828d4b1b1)] -> xpath: //*[@id="password"]]
2019-03-05 15:24:39 INFO  LoginPage:63 - Clicked on submit button is[[ChromeDriver: chrome on XP (833f0d9feae18554996f444828d4b1b1)] -> xpath: /html/body/div[2]/form[1]/div[6]/button]
2019-03-05 15:24:40 INFO  TestBase:134 - =========>Finished verify login
2019-03-05 15:24:40 INFO  TestBase:134 - =========>Started verify login
2019-03-05 15:24:40 INFO  LoginPage:63 - Entered login id====>>fp-ifttest and object is[[ChromeDriver: chrome on XP (833f0d9feae18554996f444828d4b1b1)] -> xpath: //*[@id="username"]]
2019-03-05 15:24:40 INFO  LoginPage:63 - Entered password====>>hhh and object is[[ChromeDriver: chrome on XP (833f0d9feae18554996f444828d4b1b1)] -> xpath: //*[@id="password"]]
2019-03-05 15:25:01 INFO  LoginPage:63 - Clicked on submit button is[[ChromeDriver: chrome on XP (833f0d9feae18554996f444828d4b1b1)] -> xpath: /html/body/div[2]/form[1]/div[6]/button]
2019-03-05 15:25:02 INFO  TestBase:134 - =========>Finished verify login
2019-03-05 15:25:02 INFO  TestBase:134 - =========>Started verify login
2019-03-05 15:25:02 INFO  LoginPage:63 - Entered login id====>>ffffg and object is[[ChromeDriver: chrome on XP (833f0d9feae18554996f444828d4b1b1)] -> xpath: //*[@id="username"]]
2019-03-05 15:25:02 INFO  LoginPage:63 - Entered password====>>fffff and object is[[ChromeDriver: chrome on XP (833f0d9feae18554996f444828d4b1b1)] -> xpath: //*[@id="password"]]
2019-03-05 15:25:24 INFO  LoginPage:63 - Clicked on submit button is[[ChromeDriver: chrome on XP (833f0d9feae18554996f444828d4b1b1)] -> xpath: /html/body/div[2]/form[1]/div[6]/button]
2019-03-05 15:25:24 INFO  TestBase:134 - =========>Finished verify login
2019-03-05 15:25:25 INFO  TestBase:215 - browser closed
2019-03-05 16:42:01 INFO  TestBase:134 - =========>Started verify login
2019-03-05 16:42:01 INFO  LoginPage:62 - Entered login id====>>helloo and object is[[ChromeDriver: chrome on XP (0667998741efd43334b245e27c094ca7)] -> xpath: //*[@id="username"]]
2019-03-05 16:42:01 INFO  LoginPage:62 - Entered password====>>ift and object is[[ChromeDriver: chrome on XP (0667998741efd43334b245e27c094ca7)] -> xpath: //*[@id="password"]]
2019-03-05 16:42:23 INFO  LoginPage:62 - Clicked on submit button is[[ChromeDriver: chrome on XP (0667998741efd43334b245e27c094ca7)] -> xpath: /html/body/div[2]/form[1]/div[6]/button]
2019-03-05 16:42:23 INFO  TestBase:134 - =========>Finished verify login
2019-03-05 16:42:24 INFO  TestBase:134 - =========>Started verify login
2019-03-05 16:42:24 INFO  LoginPage:62 - Entered login id====>>fp-ifttest and object is[[ChromeDriver: chrome on XP (0667998741efd43334b245e27c094ca7)] -> xpath: //*[@id="username"]]
2019-03-05 16:42:24 INFO  LoginPage:62 - Entered password====>>hhh and object is[[ChromeDriver: chrome on XP (0667998741efd43334b245e27c094ca7)] -> xpath: //*[@id="password"]]
2019-03-05 16:42:45 INFO  LoginPage:62 - Clicked on submit button is[[ChromeDriver: chrome on XP (0667998741efd43334b245e27c094ca7)] -> xpath: /html/body/div[2]/form[1]/div[6]/button]
2019-03-05 16:42:46 INFO  TestBase:134 - =========>Finished verify login
2019-03-05 16:42:46 INFO  TestBase:134 - =========>Started verify login
2019-03-05 16:42:47 INFO  LoginPage:62 - Entered login id====>>ffffg and object is[[ChromeDriver: chrome on XP (0667998741efd43334b245e27c094ca7)] -> xpath: //*[@id="username"]]
2019-03-05 16:42:47 INFO  LoginPage:62 - Entered password====>>fffff and object is[[ChromeDriver: chrome on XP (0667998741efd43334b245e27c094ca7)] -> xpath: //*[@id="password"]]
2019-03-05 16:43:08 INFO  LoginPage:62 - Clicked on submit button is[[ChromeDriver: chrome on XP (0667998741efd43334b245e27c094ca7)] -> xpath: /html/body/div[2]/form[1]/div[6]/button]
2019-03-05 16:43:08 INFO  TestBase:134 - =========>Finished verify login
2019-03-05 16:43:09 INFO  TestBase:215 - browser closed
2019-03-05 16:49:10 INFO  TestBase:134 - =========>Started verify login
2019-03-05 16:49:10 INFO  LoginPage:62 - Entered login id====>>helloo and object is[[ChromeDriver: chrome on XP (d35feaf73fdc1fc6a3cab79a41d3e9db)] -> xpath: //*[@id="username"]]
2019-03-05 16:49:10 INFO  LoginPage:62 - Entered password====>>ift and object is[[ChromeDriver: chrome on XP (d35feaf73fdc1fc6a3cab79a41d3e9db)] -> xpath: //*[@id="password"]]
2019-03-05 16:49:32 INFO  LoginPage:62 - Clicked on submit button is[[ChromeDriver: chrome on XP (d35feaf73fdc1fc6a3cab79a41d3e9db)] -> xpath: /html/body/div[2]/form[1]/div[6]/button]
2019-03-05 16:49:32 INFO  TestBase:134 - =========>Finished verify login
2019-03-05 16:49:33 INFO  TestBase:134 - =========>Started verify login
2019-03-05 16:49:33 INFO  LoginPage:62 - Entered login id====>>fp-ifttest and object is[[ChromeDriver: chrome on XP (d35feaf73fdc1fc6a3cab79a41d3e9db)] -> xpath: //*[@id="username"]]
2019-03-05 16:49:33 INFO  LoginPage:62 - Entered password====>>hhh and object is[[ChromeDriver: chrome on XP (d35feaf73fdc1fc6a3cab79a41d3e9db)] -> xpath: //*[@id="password"]]
2019-03-05 16:49:54 INFO  LoginPage:62 - Clicked on submit button is[[ChromeDriver: chrome on XP (d35feaf73fdc1fc6a3cab79a41d3e9db)] -> xpath: /html/body/div[2]/form[1]/div[6]/button]
2019-03-05 16:49:54 INFO  TestBase:134 - =========>Finished verify login
2019-03-05 16:49:55 INFO  TestBase:134 - =========>Started verify login
2019-03-05 16:49:55 INFO  LoginPage:62 - Entered login id====>>ffffg and object is[[ChromeDriver: chrome on XP (d35feaf73fdc1fc6a3cab79a41d3e9db)] -> xpath: //*[@id="username"]]
2019-03-05 16:49:55 INFO  LoginPage:62 - Entered password====>>fffff and object is[[ChromeDriver: chrome on XP (d35feaf73fdc1fc6a3cab79a41d3e9db)] -> xpath: //*[@id="password"]]
2019-03-05 16:50:17 INFO  LoginPage:62 - Clicked on submit button is[[ChromeDriver: chrome on XP (d35feaf73fdc1fc6a3cab79a41d3e9db)] -> xpath: /html/body/div[2]/form[1]/div[6]/button]
2019-03-05 16:50:17 INFO  TestBase:134 - =========>Finished verify login
2019-03-05 16:50:18 INFO  TestBase:215 - browser closed
2019-03-05 16:56:27 INFO  TestBase:134 - =========>Started verify login
2019-03-05 16:56:28 INFO  LoginPage:62 - Entered login id====>>helloo and object is[[ChromeDriver: chrome on XP (94b28fcfb488d2e2d9496b4f3470b9ce)] -> xpath: //*[@id="username"]]
2019-03-05 16:56:28 INFO  LoginPage:62 - Entered password====>>ift and object is[[ChromeDriver: chrome on XP (94b28fcfb488d2e2d9496b4f3470b9ce)] -> xpath: //*[@id="password"]]
2019-03-05 16:56:49 INFO  LoginPage:62 - Clicked on submit button is[[ChromeDriver: chrome on XP (94b28fcfb488d2e2d9496b4f3470b9ce)] -> xpath: /html/body/div[2]/form[1]/div[6]/button]
2019-03-05 16:56:49 INFO  TestBase:134 - =========>Finished verify login
2019-03-05 16:56:50 INFO  TestBase:134 - =========>Started verify login
2019-03-05 16:56:50 INFO  LoginPage:62 - Entered login id====>>fp-ifttest and object is[[ChromeDriver: chrome on XP (94b28fcfb488d2e2d9496b4f3470b9ce)] -> xpath: //*[@id="username"]]
2019-03-05 16:56:50 INFO  LoginPage:62 - Entered password====>>hhh and object is[[ChromeDriver: chrome on XP (94b28fcfb488d2e2d9496b4f3470b9ce)] -> xpath: //*[@id="password"]]
2019-03-05 16:57:11 INFO  LoginPage:62 - Clicked on submit button is[[ChromeDriver: chrome on XP (94b28fcfb488d2e2d9496b4f3470b9ce)] -> xpath: /html/body/div[2]/form[1]/div[6]/button]
2019-03-05 16:57:11 INFO  TestBase:134 - =========>Finished verify login
2019-03-05 16:57:12 INFO  TestBase:134 - =========>Started verify login
2019-03-05 16:57:12 INFO  LoginPage:62 - Entered login id====>>ffffg and object is[[ChromeDriver: chrome on XP (94b28fcfb488d2e2d9496b4f3470b9ce)] -> xpath: //*[@id="username"]]
2019-03-05 16:57:12 INFO  LoginPage:62 - Entered password====>>fffff and object is[[ChromeDriver: chrome on XP (94b28fcfb488d2e2d9496b4f3470b9ce)] -> xpath: //*[@id="password"]]
2019-03-05 16:57:33 INFO  LoginPage:62 - Clicked on submit button is[[ChromeDriver: chrome on XP (94b28fcfb488d2e2d9496b4f3470b9ce)] -> xpath: /html/body/div[2]/form[1]/div[6]/button]
2019-03-05 16:57:33 INFO  TestBase:134 - =========>Finished verify login
2019-03-05 16:57:34 INFO  TestBase:215 - browser closed
2019-03-06 10:43:15 INFO  TestBase:134 - =========>Started verify login
2019-03-06 10:43:15 INFO  LoginPage:62 - Entered login id====>>helloo and object is[[ChromeDriver: chrome on XP (6a8391ff3daed18f61591240aeb3b530)] -> xpath: //*[@id="username"]]
2019-03-06 10:43:15 INFO  LoginPage:62 - Entered password====>>ift and object is[[ChromeDriver: chrome on XP (6a8391ff3daed18f61591240aeb3b530)] -> xpath: //*[@id="password"]]
2019-03-06 10:43:36 INFO  LoginPage:62 - Clicked on submit button is[[ChromeDriver: chrome on XP (6a8391ff3daed18f61591240aeb3b530)] -> xpath: /html/body/div[2]/form[1]/div[6]/button]
2019-03-06 10:43:36 INFO  TestBase:134 - =========>Finished verify login
2019-03-06 10:43:37 INFO  TestBase:134 - =========>Started verify login
2019-03-06 10:43:37 INFO  LoginPage:62 - Entered login id====>>fp-ifttest and object is[[ChromeDriver: chrome on XP (6a8391ff3daed18f61591240aeb3b530)] -> xpath: //*[@id="username"]]
2019-03-06 10:43:37 INFO  LoginPage:62 - Entered password====>>hhh and object is[[ChromeDriver: chrome on XP (6a8391ff3daed18f61591240aeb3b530)] -> xpath: //*[@id="password"]]
2019-03-06 10:43:58 INFO  LoginPage:62 - Clicked on submit button is[[ChromeDriver: chrome on XP (6a8391ff3daed18f61591240aeb3b530)] -> xpath: /html/body/div[2]/form[1]/div[6]/button]
2019-03-06 10:43:58 INFO  TestBase:134 - =========>Finished verify login
2019-03-06 10:43:59 INFO  TestBase:134 - =========>Started verify login
2019-03-06 10:43:59 INFO  LoginPage:62 - Entered login id====>>ffffg and object is[[ChromeDriver: chrome on XP (6a8391ff3daed18f61591240aeb3b530)] -> xpath: //*[@id="username"]]
2019-03-06 10:43:59 INFO  LoginPage:62 - Entered password====>>fffff and object is[[ChromeDriver: chrome on XP (6a8391ff3daed18f61591240aeb3b530)] -> xpath: //*[@id="password"]]
2019-03-06 10:44:21 INFO  LoginPage:62 - Clicked on submit button is[[ChromeDriver: chrome on XP (6a8391ff3daed18f61591240aeb3b530)] -> xpath: /html/body/div[2]/form[1]/div[6]/button]
2019-03-06 10:44:21 INFO  TestBase:134 - =========>Finished verify login
2019-03-06 10:44:22 INFO  TestBase:215 - browser closed
